{"obj": {"type": "AssignString", "path": ["sys", "name"], "value": "Untitled"}, "version": 1}
{"obj": {"type": "AssignString", "path": ["sys", "description"], "value": ""}, "version": 2}
{"obj": {"type": "AssignString", "path": ["sys", "hostname"], "value": "ncc1"}, "version": 3}
{"obj": {"type": "AssignBool", "path": ["sys", "failed"], "value": false}, "version": 4}
{"obj": {"type": "ClearStringLog", "path": ["monitoring", "stdout"]}, "version": 5}
{"obj": {"type": "ClearStringLog", "path": ["monitoring", "stderr"]}, "version": 6}
{"obj": {"type": "LogStrings", "path": ["monitoring", "stderr"], "values": [{"value": "Info (NVML): Driver Not Loaded. GPU usage metrics may not be reported. For more information, see https://docs.neptune.ai/you-should-know/what-can-you-log-and-display#hardware-consumption\n", "step": null, "ts": 1653410213.6115112}]}, "version": 7}
{"obj": {"type": "ConfigFloatSeries", "path": ["monitoring", "cpu"], "min": 0.0, "max": 100.0, "unit": "%"}, "version": 8}
{"obj": {"type": "ClearFloatLog", "path": ["monitoring", "cpu"]}, "version": 9}
{"obj": {"type": "ConfigFloatSeries", "path": ["monitoring", "memory"], "min": 0.0, "max": 15.319332122802734, "unit": "GB"}, "version": 10}
{"obj": {"type": "ClearFloatLog", "path": ["monitoring", "memory"]}, "version": 11}
{"obj": {"type": "LogFloats", "path": ["monitoring", "cpu"], "values": [{"value": 23.1, "step": null, "ts": 1653410214.944159}]}, "version": 12}
{"obj": {"type": "LogStrings", "path": ["monitoring", "stdout"], "values": [{"value": "", "step": null, "ts": 1653410214.9552262}]}, "version": 13}
{"obj": {"type": "LogFloats", "path": ["monitoring", "memory"], "values": [{"value": 14.480892181396484, "step": null, "ts": 1653410214.944159}]}, "version": 14}
{"obj": {"type": "LogStrings", "path": ["monitoring", "stdout"], "values": [{"value": "Remember to stop your run once you\u2019ve finished logging your metadata (https://docs.neptune.ai/api-reference/run#.stop). It will be stopped automatically only when the notebook kernel/interactive console is terminated.\n", "step": null, "ts": 1653410214.958173}]}, "version": 15}
{"obj": {"type": "AssignInt", "path": ["parameters", "Num. Readings"], "value": 858}, "version": 16}
{"obj": {"type": "AssignInt", "path": ["parameters", "Num. Metals"], "value": 4}, "version": 17}
{"obj": {"type": "AssignInt", "path": ["parameters", "Type of ML"], "value": 64}, "version": 18}
{"obj": {"type": "AssignInt", "path": ["parameters", "n_epochs"], "value": 200}, "version": 19}
{"obj": {"type": "AssignString", "path": ["parameters", "Optimizer"], "value": "AdamW"}, "version": 20}
{"obj": {"type": "AssignInt", "path": ["parameters", "batch size"], "value": 16}, "version": 21}
{"obj": {"type": "LogFloats", "path": ["monitoring", "cpu"], "values": [{"value": 71.4, "step": null, "ts": 1653410224.9584513}]}, "version": 22}
{"obj": {"type": "LogFloats", "path": ["monitoring", "memory"], "values": [{"value": 14.891468048095703, "step": null, "ts": 1653410224.9584513}]}, "version": 23}
{"obj": {"type": "LogFloats", "path": ["monitoring", "cpu"], "values": [{"value": 69.6, "step": null, "ts": 1653410234.9633942}]}, "version": 24}
{"obj": {"type": "LogFloats", "path": ["monitoring", "memory"], "values": [{"value": 14.552146911621094, "step": null, "ts": 1653410234.9633942}]}, "version": 25}
{"obj": {"type": "LogStrings", "path": ["monitoring", "stdout"], "values": [{"value": "Epoch: 0, Loss: 2.23, Accuracy: 0.26", "step": null, "ts": 1653410238.0777369}]}, "version": 26}
{"obj": {"type": "LogStrings", "path": ["monitoring", "stdout"], "values": [{"value": "\n", "step": null, "ts": 1653410238.0801647}]}, "version": 27}
{"obj": {"type": "LogFloats", "path": ["train", "epoch", "loss"], "values": [{"value": 2.233134724475719, "step": null, "ts": 1653410238.0816793}]}, "version": 28}
{"obj": {"type": "LogFloats", "path": ["train", "epoch", "accuracy"], "values": [{"value": 0.25990675990675993, "step": null, "ts": 1653410238.082804}]}, "version": 29}
{"obj": {"type": "LogFloats", "path": ["monitoring", "cpu"], "values": [{"value": 69.3, "step": null, "ts": 1653410244.969215}]}, "version": 30}
{"obj": {"type": "LogFloats", "path": ["monitoring", "memory"], "values": [{"value": 14.728965759277344, "step": null, "ts": 1653410244.969215}]}, "version": 31}
{"obj": {"type": "LogFloats", "path": ["monitoring", "cpu"], "values": [{"value": 69.6, "step": null, "ts": 1653410254.973718}]}, "version": 32}
{"obj": {"type": "LogFloats", "path": ["monitoring", "memory"], "values": [{"value": 14.336292266845703, "step": null, "ts": 1653410254.973718}]}, "version": 33}
{"obj": {"type": "LogStrings", "path": ["monitoring", "stdout"], "values": [{"value": "Epoch: 1, Loss: 2.05, Accuracy: 0.38", "step": null, "ts": 1653410256.8202884}]}, "version": 34}
{"obj": {"type": "LogStrings", "path": ["monitoring", "stdout"], "values": [{"value": "\n", "step": null, "ts": 1653410256.8243337}]}, "version": 35}
{"obj": {"type": "LogFloats", "path": ["train", "epoch", "loss"], "values": [{"value": 2.0501299743299133, "step": null, "ts": 1653410256.8256373}]}, "version": 36}
{"obj": {"type": "LogFloats", "path": ["train", "epoch", "accuracy"], "values": [{"value": 0.3764568764568765, "step": null, "ts": 1653410256.8265016}]}, "version": 37}
{"obj": {"type": "LogStrings", "path": ["monitoring", "stdout"], "values": [{"value": "Finished Training", "step": null, "ts": 1653410256.8274596}]}, "version": 38}
{"obj": {"type": "LogStrings", "path": ["monitoring", "stdout"], "values": [{"value": "\n", "step": null, "ts": 1653410256.8286788}]}, "version": 39}
{"obj": {"type": "LogStrings", "path": ["monitoring", "stdout"], "values": [{"value": "Shutting down background jobs, please wait a moment...\n", "step": null, "ts": 1653410256.8299792}]}, "version": 40}
